<?xml version="1.0" encoding="UTF-8" ?>
<testsuites>
<testsuite name="hello" errors="0" tests="5" failures="5" time="0.012" timestamp="2013-03-26T19:13:50">
  <testcase classname="hello" name="works" time="0.009"><failure type="expect" message="Expected true to be false.">Expected true to be false.</failure></testcase>
  <testcase classname="hello" name="works" time="0"><failure type="expect" message="Expected true to be false.">Expected true to be false.</failure></testcase>
  <testcase classname="hello" name="works" time="0"><failure type="expect" message="Expected true to be false.">Expected true to be false.</failure></testcase>
  <testcase classname="hello" name="works" time="0"><failure type="expect" message="Expected true to be false.">Expected true to be false.</failure></testcase>
  <testcase classname="hello" name="works" time="0"><failure type="expect" message="Expected true to be false.">Expected true to be false.</failure></testcase>
</testsuite>
</testsuites>